Build started 1/7/2016 5:10:07 PM.
     1>Project "C:\Users\ChuuKyou\Documents\Visual Studio 2010\Projects\PCLParticleFilterTracker\PCLParticleFilterTracker\PCLParticleFilterTracker.vcxproj" on node 2 (build target(s)).
     1>PrepareForBuild:
         Creating directory "C:\Users\ChuuKyou\Documents\Visual Studio 2010\Projects\PCLParticleFilterTracker\Debug\".
       InitializeBuildStatus:
         Creating "Debug\PCLParticleFilterTracker.unsuccessfulbuild" because "AlwaysCreate" was specified.
       ClCompile:
         C:\Program Files (x86)\Microsoft Visual Studio 10.0\VC\bin\CL.exe /c /ZI /nologo /W3 /WX- /Od /Oy- /D WIN32 /D _DEBUG /D _CONSOLE /D _UNICODE /D UNICODE /Gm /EHsc /RTC1 /MDd /GS /fp:precise /Zc:wchar_t /Zc:forScope /Fo"Debug\\" /Fd"Debug\vc100.pdb" /Gd /TP /analyze- /errorReport:prompt Traker.cpp Kinect\KinectGeneral.cpp Kinect\KinectSensor.cpp
         KinectSensor.cpp
     1>c:\users\chuukyou\documents\visual studio 2010\projects\pclparticlefiltertracker\pclparticlefiltertracker\kinect\kinectsensor.cpp(56): warning C4018: '<' : signed/unsigned mismatch
     1>c:\users\chuukyou\documents\visual studio 2010\projects\pclparticlefiltertracker\pclparticlefiltertracker\kinect\kinectsensor.cpp(374): warning C4018: '<=' : signed/unsigned mismatch
     1>c:\users\chuukyou\documents\visual studio 2010\projects\pclparticlefiltertracker\pclparticlefiltertracker\kinect\kinectsensor.cpp(487): warning C4018: '>' : signed/unsigned mismatch
     1>c:\users\chuukyou\documents\visual studio 2010\projects\pclparticlefiltertracker\pclparticlefiltertracker\kinect\kinectsensor.cpp(488): warning C4018: '>' : signed/unsigned mismatch
         KinectGeneral.cpp
         Traker.cpp
     1>c:\program files (x86)\pcl 1.6.0\include\pcl-1.6\pcl\point_traits.h : warning C4819: The file contains a character that cannot be represented in the current code page (936). Save the file in Unicode format to prevent data loss
     1>c:\program files (x86)\pcl 1.6.0\include\pcl-1.6\pcl\impl\point_types.hpp(1008): warning C4996: 'pcl::SHOT': USE SHOT352 FOR SHAPE AND SHOT1344 FOR SHAPE+COLOR INSTEAD
                 c:\program files (x86)\pcl 1.6.0\include\pcl-1.6\pcl\impl\point_types.hpp(1003) : see declaration of 'pcl::SHOT'
     1>c:\program files (x86)\pcl 1.6.0\include\pcl-1.6\pcl\impl\point_types.hpp(1009): warning C4996: 'pcl::SHOT': USE SHOT352 FOR SHAPE AND SHOT1344 FOR SHAPE+COLOR INSTEAD
                 c:\program files (x86)\pcl 1.6.0\include\pcl-1.6\pcl\impl\point_types.hpp(1003) : see declaration of 'pcl::SHOT'
     1>c:\program files (x86)\pcl 1.6.0\include\pcl-1.6\pcl\impl\point_types.hpp(1012): warning C4996: 'pcl::SHOT::rf': USE SHOT352 FOR SHAPE AND SHOT1344 FOR SHAPE+COLOR INSTEAD
                 c:\program files (x86)\pcl 1.6.0\include\pcl-1.6\pcl\impl\point_types.hpp(1005) : see declaration of 'pcl::SHOT::rf'
     1>c:\program files (x86)\pcl 1.6.0\include\pcl-1.6\pcl\impl\point_types.hpp(1013): warning C4996: 'pcl::SHOT::descriptor': USE SHOT352 FOR SHAPE AND SHOT1344 FOR SHAPE+COLOR INSTEAD
                 c:\program files (x86)\pcl 1.6.0\include\pcl-1.6\pcl\impl\point_types.hpp(1004) : see declaration of 'pcl::SHOT::descriptor'
     1>c:\program files (x86)\pcl 1.6.0\include\pcl-1.6\pcl\impl\point_types.hpp(1014): warning C4996: 'pcl::SHOT::descriptor': USE SHOT352 FOR SHAPE AND SHOT1344 FOR SHAPE+COLOR INSTEAD
                 c:\program files (x86)\pcl 1.6.0\include\pcl-1.6\pcl\impl\point_types.hpp(1004) : see declaration of 'pcl::SHOT::descriptor'
     1>c:\program files (x86)\pcl 1.6.0\include\pcl-1.6\pcl\impl\point_types.hpp(1014): warning C4996: 'pcl::SHOT::descriptor': USE SHOT352 FOR SHAPE AND SHOT1344 FOR SHAPE+COLOR INSTEAD
                 c:\program files (x86)\pcl 1.6.0\include\pcl-1.6\pcl\impl\point_types.hpp(1004) : see declaration of 'pcl::SHOT::descriptor'
     1>c:\program files (x86)\pcl 1.6.0\include\pcl-1.6\pcl\point_traits.h : warning C4819: The file contains a character that cannot be represented in the current code page (936). Save the file in Unicode format to prevent data loss
     1>c:\program files (x86)\pcl 1.6.0\include\pcl-1.6\pcl\point_traits.h : warning C4819: The file contains a character that cannot be represented in the current code page (936). Save the file in Unicode format to prevent data loss
     1>c:\program files (x86)\pcl 1.6.0\include\pcl-1.6\pcl\point_traits.h : warning C4819: The file contains a character that cannot be represented in the current code page (936). Save the file in Unicode format to prevent data loss
     1>c:\program files (x86)\pcl 1.6.0\include\pcl-1.6\pcl\point_representation.h(445): warning C4996: 'pcl::SHOT': USE SHOT352 FOR SHAPE AND SHOT1344 FOR SHAPE+COLOR INSTEAD
                 c:\program files (x86)\pcl 1.6.0\include\pcl-1.6\pcl\impl\point_types.hpp(1003) : see declaration of 'pcl::SHOT'
     1>c:\program files (x86)\pcl 1.6.0\include\pcl-1.6\pcl\point_representation.h(446): warning C4996: 'pcl::SHOT': USE SHOT352 FOR SHAPE AND SHOT1344 FOR SHAPE+COLOR INSTEAD
                 c:\program files (x86)\pcl 1.6.0\include\pcl-1.6\pcl\impl\point_types.hpp(1003) : see declaration of 'pcl::SHOT'
     1>c:\program files (x86)\pcl 1.6.0\include\pcl-1.6\pcl\point_representation.h(449): warning C4996: 'pcl::DefaultPointRepresentation<pcl::SHOT>': SHOT POINT IS DEPRECATED, USE SHOT352 FOR SHAPE AND SHOT1344 FOR SHAPE+COLOR INSTEAD
                 c:\program files (x86)\pcl 1.6.0\include\pcl-1.6\pcl\point_representation.h(446) : see declaration of 'pcl::DefaultPointRepresentation<pcl::SHOT>'
     1>c:\program files (x86)\pcl 1.6.0\include\pcl-1.6\pcl\point_representation.h(455): warning C4996: 'pcl::SHOT': USE SHOT352 FOR SHAPE AND SHOT1344 FOR SHAPE+COLOR INSTEAD
                 c:\program files (x86)\pcl 1.6.0\include\pcl-1.6\pcl\impl\point_types.hpp(1003) : see declaration of 'pcl::SHOT'
     1>c:\program files (x86)\pcl 1.6.0\include\pcl-1.6\pcl\point_representation.h(458): warning C4996: 'pcl::SHOT::descriptor': USE SHOT352 FOR SHAPE AND SHOT1344 FOR SHAPE+COLOR INSTEAD
                 c:\program files (x86)\pcl 1.6.0\include\pcl-1.6\pcl\impl\point_types.hpp(1004) : see declaration of 'pcl::SHOT::descriptor'
     1>c:\program files (x86)\pcl 1.6.0\include\pcl-1.6\pcl\point_representation.h(460): warning C4996: 'pcl::DefaultPointRepresentation<pcl::SHOT>::~DefaultPointRepresentation': SHOT POINT IS DEPRECATED, USE SHOT352 FOR SHAPE AND SHOT1344 FOR SHAPE+COLOR INSTEAD
                 c:\program files (x86)\pcl 1.6.0\include\pcl-1.6\pcl\point_representation.h(460) : compiler has generated 'pcl::DefaultPointRepresentation<pcl::SHOT>::~DefaultPointRepresentation' here
                 This diagnostic occurred in the compiler generated function 'void *pcl::DefaultPointRepresentation<pcl::SHOT>::__delDtor(unsigned int)'
     1>c:\program files (x86)\pcl 1.6.0\include\pcl-1.6\pcl\point_representation.h(460): warning C4996: 'pcl::DefaultPointRepresentation<pcl::SHOT>::~DefaultPointRepresentation': SHOT POINT IS DEPRECATED, USE SHOT352 FOR SHAPE AND SHOT1344 FOR SHAPE+COLOR INSTEAD
                 c:\program files (x86)\pcl 1.6.0\include\pcl-1.6\pcl\point_representation.h(460) : compiler has generated 'pcl::DefaultPointRepresentation<pcl::SHOT>::~DefaultPointRepresentation' here
                 This diagnostic occurred in the compiler generated function 'void *pcl::DefaultPointRepresentation<pcl::SHOT>::__delDtor(unsigned int)'
     1>c:\program files (x86)\pcl 1.6.0\3rdparty\flann\include\flann\util\logger.h(66): warning C4996: 'fopen': This function or variable may be unsafe. Consider using fopen_s instead. To disable deprecation, use _CRT_SECURE_NO_WARNINGS. See online help for details.
                 c:\program files (x86)\microsoft visual studio 10.0\vc\include\stdio.h(234) : see declaration of 'fopen'
     1>c:\program files (x86)\pcl 1.6.0\3rdparty\boost\include\boost\format\alt_sstream_impl.hpp : warning C4819: The file contains a character that cannot be represented in the current code page (936). Save the file in Unicode format to prevent data loss
     1>c:\users\chuukyou\documents\visual studio 2010\projects\pclparticlefiltertracker\pclparticlefiltertracker\particlefilter.h(73): warning C4996: 'fopen': This function or variable may be unsafe. Consider using fopen_s instead. To disable deprecation, use _CRT_SECURE_NO_WARNINGS. See online help for details.
                 c:\program files (x86)\microsoft visual studio 10.0\vc\include\stdio.h(234) : see declaration of 'fopen'
     1>c:\users\chuukyou\documents\visual studio 2010\projects\pclparticlefiltertracker\pclparticlefiltertracker\particlefilter.h(74): warning C4018: '<' : signed/unsigned mismatch
     1>c:\users\chuukyou\documents\visual studio 2010\projects\pclparticlefiltertracker\pclparticlefiltertracker\particlefilter.h(81): warning C4996: 'fopen': This function or variable may be unsafe. Consider using fopen_s instead. To disable deprecation, use _CRT_SECURE_NO_WARNINGS. See online help for details.
                 c:\program files (x86)\microsoft visual studio 10.0\vc\include\stdio.h(234) : see declaration of 'fopen'
     1>c:\users\chuukyou\documents\visual studio 2010\projects\pclparticlefiltertracker\pclparticlefiltertracker\particlefilter.h(82): warning C4018: '<' : signed/unsigned mismatch
     1>c:\users\chuukyou\documents\visual studio 2010\projects\pclparticlefiltertracker\pclparticlefiltertracker\particlefilter.h(98): warning C4018: '<' : signed/unsigned mismatch
     1>c:\users\chuukyou\documents\visual studio 2010\projects\pclparticlefiltertracker\pclparticlefiltertracker\particlefilter.h(113): warning C4244: 'initializing' : conversion from 'float' to 'const int', possible loss of data
     1>c:\users\chuukyou\documents\visual studio 2010\projects\pclparticlefiltertracker\pclparticlefiltertracker\particlefilter.h(205): warning C4305: 'argument' : truncation from 'double' to 'float'
     1>c:\users\chuukyou\documents\visual studio 2010\projects\pclparticlefiltertracker\pclparticlefiltertracker\particlefilter.h(209): warning C4018: '<' : signed/unsigned mismatch
     1>c:\users\chuukyou\documents\visual studio 2010\projects\pclparticlefiltertracker\pclparticlefiltertracker\particlefilter.h(257): warning C4305: 'argument' : truncation from 'double' to 'float'
     1>c:\users\chuukyou\documents\visual studio 2010\projects\pclparticlefiltertracker\pclparticlefiltertracker\particlefilter.h(382): warning C4804: '>' : unsafe use of type 'bool' in operation
     1>c:\users\chuukyou\documents\visual studio 2010\projects\pclparticlefiltertracker\pclparticlefiltertracker\particlefilter.h(402): warning C4244: '=' : conversion from 'double' to 'float', possible loss of data
     1>c:\users\chuukyou\documents\visual studio 2010\projects\pclparticlefiltertracker\pclparticlefiltertracker\particlefilter.h(406): warning C4244: '=' : conversion from 'double' to 'float', possible loss of data
     1>c:\users\chuukyou\documents\visual studio 2010\projects\pclparticlefiltertracker\pclparticlefiltertracker\particlefilter.h(524): warning C4996: 'fopen': This function or variable may be unsafe. Consider using fopen_s instead. To disable deprecation, use _CRT_SECURE_NO_WARNINGS. See online help for details.
                 c:\program files (x86)\microsoft visual studio 10.0\vc\include\stdio.h(234) : see declaration of 'fopen'
     1>c:\users\chuukyou\documents\visual studio 2010\projects\pclparticlefiltertracker\pclparticlefiltertracker\particlefilter.h(532): warning C4996: 'sscanf': This function or variable may be unsafe. Consider using sscanf_s instead. To disable deprecation, use _CRT_SECURE_NO_WARNINGS. See online help for details.
                 c:\program files (x86)\microsoft visual studio 10.0\vc\include\stdio.h(325) : see declaration of 'sscanf'
     1>c:\users\chuukyou\documents\visual studio 2010\projects\pclparticlefiltertracker\pclparticlefiltertracker\particlefilter.h(724): warning C4244: '=' : conversion from 'double' to 'float', possible loss of data
     1>c:\users\chuukyou\documents\visual studio 2010\projects\pclparticlefiltertracker\pclparticlefiltertracker\particlefilter.h(726): warning C4244: '=' : conversion from 'double' to 'float', possible loss of data
     1>c:\users\chuukyou\documents\visual studio 2010\projects\pclparticlefiltertracker\pclparticlefiltertracker\particlefilter.h(731): warning C4244: '=' : conversion from 'double' to 'float', possible loss of data
     1>c:\users\chuukyou\documents\visual studio 2010\projects\pclparticlefiltertracker\pclparticlefiltertracker\particlefilter.h(738): warning C4018: '<' : signed/unsigned mismatch
     1>c:\users\chuukyou\documents\visual studio 2010\projects\pclparticlefiltertracker\pclparticlefiltertracker\traker.cpp(246): warning C4309: '=' : truncation of constant value
     1>c:\users\chuukyou\documents\visual studio 2010\projects\pclparticlefiltertracker\pclparticlefiltertracker\traker.cpp(248): warning C4309: '=' : truncation of constant value
     1>c:\users\chuukyou\documents\visual studio 2010\projects\pclparticlefiltertracker\pclparticlefiltertracker\traker.cpp(250): warning C4309: '=' : truncation of constant value
     1>c:\users\chuukyou\documents\visual studio 2010\projects\pclparticlefiltertracker\pclparticlefiltertracker\traker.cpp(260): warning C4244: '=' : conversion from 'double' to 'int', possible loss of data
     1>c:\users\chuukyou\documents\visual studio 2010\projects\pclparticlefiltertracker\pclparticlefiltertracker\traker.cpp(261): warning C4244: '=' : conversion from 'double' to 'int', possible loss of data
     1>c:\users\chuukyou\documents\visual studio 2010\projects\pclparticlefiltertracker\pclparticlefiltertracker\traker.cpp(308): warning C4244: '=' : conversion from 'double' to 'float', possible loss of data
     1>c:\users\chuukyou\documents\visual studio 2010\projects\pclparticlefiltertracker\pclparticlefiltertracker\traker.cpp(311): warning C4244: '=' : conversion from 'double' to 'float', possible loss of data
     1>c:\users\chuukyou\documents\visual studio 2010\projects\pclparticlefiltertracker\pclparticlefiltertracker\traker.cpp(449): warning C4244: 'argument' : conversion from 'double' to 'float', possible loss of data
     1>c:\program files (x86)\pcl 1.6.0\3rdparty\flann\include\flann\flann.hpp(78): warning C4996: 'fopen': This function or variable may be unsafe. Consider using fopen_s instead. To disable deprecation, use _CRT_SECURE_NO_WARNINGS. See online help for details.
                 c:\program files (x86)\microsoft visual studio 10.0\vc\include\stdio.h(234) : see declaration of 'fopen'
                 c:\program files (x86)\pcl 1.6.0\3rdparty\flann\include\flann\flann.hpp(114) : see reference to function template instantiation 'flann::NNIndex<Distance> *flann::load_saved_index<Distance>(const flann::Matrix<T> &,const std::string &,Distance)' being compiled
                 with
                 [
                     Distance=flann::L2_Simple<float>,
                     T=float
                 ]
                 c:\program files (x86)\pcl 1.6.0\3rdparty\flann\include\flann\flann.hpp(107) : while compiling class template member function 'flann::Index<Distance>::Index(const flann::Matrix<T> &,const flann::IndexParams &,Distance)'
                 with
                 [
                     Distance=flann::L2_Simple<float>,
                     T=float
                 ]
                 c:\program files (x86)\pcl 1.6.0\include\pcl-1.6\pcl\kdtree\kdtree_flann.h(377) : see reference to class template instantiation 'flann::Index<Distance>' being compiled
                 with
                 [
                     Distance=flann::L2_Simple<float>
                 ]
     1>c:\program files (x86)\pcl 1.6.0\3rdparty\flann\include\flann\algorithms\dist.h(103): warning C4244: '=' : conversion from 'double' to 'float', possible loss of data
                 c:\program files (x86)\pcl 1.6.0\3rdparty\flann\include\flann\algorithms\kmeans_index.h(688) : see reference to function template instantiation 'float flann::L2_Simple<T>::operator ()<T*,double*>(Iterator1,Iterator2,size_t,float) const' being compiled
                 with
                 [
                     T=float,
                     Iterator1=float *,
                     Iterator2=double *
                 ]
                 c:\program files (x86)\pcl 1.6.0\3rdparty\flann\include\flann\algorithms\kmeans_index.h(644) : while compiling class template member function 'void flann::KMeansIndex<Distance>::computeClustering(flann::KMeansIndex<Distance>::KMeansNode *,int *,int,int,int)'
                 with
                 [
                     Distance=flann::L2_Simple<float>
                 ]
                 c:\program files (x86)\pcl 1.6.0\3rdparty\flann\include\flann\algorithms\all_indices.h(96) : see reference to class template instantiation 'flann::KMeansIndex<Distance>' being compiled
                 with
                 [
                     Distance=flann::L2_Simple<float>
                 ]
                 c:\program files (x86)\pcl 1.6.0\3rdparty\flann\include\flann\algorithms\all_indices.h(102) : see reference to class template instantiation 'flann::valid_combination<Index,Distance,ElementType>::needs_kdtree_distance<T>' being compiled
                 with
                 [
                     Index=flann::KMeansIndex,
                     Distance=flann::L2_Simple<float>,
                     ElementType=ElementType,
                     T=flann::KMeansIndex<flann::L2_Simple<float>>
                 ]
                 c:\program files (x86)\pcl 1.6.0\3rdparty\flann\include\flann\algorithms\all_indices.h(152) : see reference to class template instantiation 'flann::valid_combination<Index,Distance,ElementType>' being compiled
                 with
                 [
                     Index=flann::KMeansIndex,
                     Distance=flann::L2_Simple<float>,
                     ElementType=ElementType
                 ]
                 c:\program files (x86)\pcl 1.6.0\3rdparty\flann\include\flann\flann.hpp(118) : see reference to function template instantiation 'flann::NNIndex<Distance> *flann::create_index_by_type<Distance>(const flann::Matrix<T> &,const flann::IndexParams &,const Distance &)' being compiled
                 with
                 [
                     Distance=flann::L2_Simple<float>,
                     T=float
                 ]
     1>c:\program files (x86)\microsoft visual studio 10.0\vc\include\xutility(2227): warning C4996: 'std::_Copy_impl': Function call with parameters that may be unsafe - this call relies on the caller to check that the passed values are correct. To disable this warning, use -D_SCL_SECURE_NO_WARNINGS. See documentation on how to use Visual C++ 'Checked Iterators'
                 c:\program files (x86)\microsoft visual studio 10.0\vc\include\xutility(2212) : see declaration of 'std::_Copy_impl'
                 c:\program files (x86)\pcl 1.6.0\3rdparty\flann\include\flann\util\sampling.h(73) : see reference to function template instantiation '_OutIt std::copy<T*,T*>(_InIt,_InIt,_OutIt)' being compiled
                 with
                 [
                     _OutIt=float *,
                     T=float,
                     _InIt=float *
                 ]
                 c:\program files (x86)\pcl 1.6.0\3rdparty\flann\include\flann\algorithms\autotuned_index.h(423) : see reference to function template instantiation 'flann::Matrix<T> flann::random_sample<float>(const flann::Matrix<T> &,size_t)' being compiled
                 with
                 [
                     T=float
                 ]
                 c:\program files (x86)\pcl 1.6.0\3rdparty\flann\include\flann\algorithms\autotuned_index.h(407) : while compiling class template member function 'flann::IndexParams flann::AutotunedIndex<Distance>::estimateBuildParams(void)'
                 with
                 [
                     Distance=flann::L2_Simple<float>
                 ]
                 c:\program files (x86)\pcl 1.6.0\3rdparty\flann\include\flann\algorithms\all_indices.h(96) : see reference to class template instantiation 'flann::AutotunedIndex<Distance>' being compiled
                 with
                 [
                     Distance=flann::L2_Simple<float>
                 ]
                 c:\program files (x86)\pcl 1.6.0\3rdparty\flann\include\flann\algorithms\all_indices.h(102) : see reference to class template instantiation 'flann::valid_combination<Index,Distance,ElementType>::needs_kdtree_distance<T>' being compiled
                 with
                 [
                     Index=flann::AutotunedIndex,
                     Distance=flann::L2_Simple<float>,
                     ElementType=ElementType,
                     T=flann::AutotunedIndex<flann::L2_Simple<float>>
                 ]
                 c:\program files (x86)\pcl 1.6.0\3rdparty\flann\include\flann\algorithms\all_indices.h(158) : see reference to class template instantiation 'flann::valid_combination<Index,Distance,ElementType>' being compiled
                 with
                 [
                     Index=flann::AutotunedIndex,
                     Distance=flann::L2_Simple<float>,
                     ElementType=ElementType
                 ]
     1>c:\program files (x86)\pcl 1.6.0\3rdparty\boost\include\boost\bind\bind.hpp(586): warning C4244: 'argument' : conversion from 'double' to 'int', possible loss of data
                 c:\program files (x86)\pcl 1.6.0\3rdparty\boost\include\boost\bind\bind_template.hpp(174) : see reference to function template instantiation 'R boost::_bi::list6<A1,A2,A3,A4,A5,A6>::operator ()<int,F,boost::_bi::list5<const pcl::PointCloud<PointT> &,unsigned int &,double &,std::vector<_Ty> &,std::vector<float> &>>(boost::_bi::type<T>,F &,A &,long)' being compiled
                 with
                 [
                     R=int,
                     A1=boost::reference_wrapper<boost::shared_ptr<pcl::search::Search<pcl::PointXYZ>>>,
                     A2=boost::arg<1>,
                     A3=boost::arg<2>,
                     A4=boost::arg<3>,
                     A5=boost::arg<4>,
                     A6=boost::arg<5>,
                     F=boost::_mfi::cmf5<int,pcl::search::Search<pcl::PointXYZ>,const pcl::PointCloud<pcl::PointXYZ> &,int,int,std::vector<int> &,std::vector<float> &>,
                     PointT=pcl::PointXYZ,
                     _Ty=int,
                     T=int,
                     A=boost::_bi::list5<const pcl::PointCloud<pcl::PointXYZ> &,size_t &,double &,std::vector<int> &,std::vector<float> &>
                 ]
                 c:\program files (x86)\pcl 1.6.0\3rdparty\boost\include\boost\function\function_template.hpp(132) : see reference to function template instantiation 'int boost::_bi::bind_t<R,F,L>::operator ()<const pcl::PointCloud<PointT>,T1,T2,std::vector<_Ty>,std::vector<float>>(A1 &,A2 &,A3 &,A4 &,A5 &)' being compiled
                 with
                 [
                     R=int,
                     F=boost::_mfi::cmf5<int,pcl::search::Search<pcl::PointXYZ>,const pcl::PointCloud<pcl::PointXYZ> &,int,int,std::vector<int> &,std::vector<float> &>,
                     L=boost::_bi::list6<boost::reference_wrapper<boost::shared_ptr<pcl::search::Search<pcl::PointXYZ>>>,boost::arg<1>,boost::arg<2>,boost::arg<3>,boost::arg<4>,boost::arg<5>>,
                     PointT=pcl::PointXYZ,
                     T1=size_t,
                     T2=double,
                     _Ty=int,
                     A1=const pcl::PointCloud<pcl::PointXYZ>,
                     A2=size_t,
                     A3=double,
                     A4=std::vector<int>,
                     A5=std::vector<float>
                 ]
                 c:\program files (x86)\pcl 1.6.0\3rdparty\boost\include\boost\function\function_template.hpp(126) : while compiling class template member function 'int boost::detail::function::function_obj_invoker5<FunctionObj,R,T0,T1,T2,T3,T4>::invoke(boost::detail::function::function_buffer &,T0,T1,T2,T3,T4)'
                 with
                 [
                     FunctionObj=boost::_bi::bind_t<int,boost::_mfi::cmf5<int,pcl::search::Search<pcl::PointXYZ>,const pcl::PointCloud<pcl::PointXYZ> &,int,int,std::vector<int> &,std::vector<float> &>,boost::_bi::list6<boost::reference_wrapper<boost::shared_ptr<pcl::search::Search<pcl::PointXYZ>>>,boost::arg<1>,boost::arg<2>,boost::arg<3>,boost::arg<4>,boost::arg<5>>>,
                     R=int,
                     T0=const pcl::PointCloud<pcl::PointXYZ> &,
                     T1=size_t,
                     T2=double,
                     T3=std::vector<int> &,
                     T4=std::vector<float> &
                 ]
                 c:\program files (x86)\pcl 1.6.0\3rdparty\boost\include\boost\function\function_template.hpp(907) : see reference to class template instantiation 'boost::detail::function::function_obj_invoker5<FunctionObj,R,T0,T1,T2,T3,T4>' being compiled
                 with
                 [
                     FunctionObj=boost::_bi::bind_t<int,boost::_mfi::cmf5<int,pcl::search::Search<pcl::PointXYZ>,const pcl::PointCloud<pcl::PointXYZ> &,int,int,std::vector<int> &,std::vector<float> &>,boost::_bi::list6<boost::reference_wrapper<boost::shared_ptr<pcl::search::Search<pcl::PointXYZ>>>,boost::arg<1>,boost::arg<2>,boost::arg<3>,boost::arg<4>,boost::arg<5>>>,
                     R=int,
                     T0=const pcl::PointCloud<pcl::PointXYZ> &,
                     T1=size_t,
                     T2=double,
                     T3=std::vector<int> &,
                     T4=std::vector<float> &
                 ]
                 c:\program files (x86)\pcl 1.6.0\3rdparty\boost\include\boost\function\function_template.hpp(722) : see reference to function template instantiation 'void boost::function5<R,T0,T1,T2,T3,T4>::assign_to<Functor>(Functor)' being compiled
                 with
                 [
                     R=int,
                     T0=const pcl::PointCloud<pcl::PointXYZ> &,
                     T1=size_t,
                     T2=double,
                     T3=std::vector<int> &,
                     T4=std::vector<float> &,
                     Functor=boost::_bi::bind_t<int,boost::_mfi::cmf5<int,pcl::search::Search<pcl::PointXYZ>,const pcl::PointCloud<pcl::PointXYZ> &,int,int,std::vector<int> &,std::vector<float> &>,boost::_bi::list6<boost::reference_wrapper<boost::shared_ptr<pcl::search::Search<pcl::PointXYZ>>>,boost::arg<1>,boost::arg<2>,boost::arg<3>,boost::arg<4>,boost::arg<5>>>
                 ]
                 c:\program files (x86)\pcl 1.6.0\3rdparty\boost\include\boost\function\function_template.hpp(1043) : see reference to function template instantiation 'boost::function5<R,T0,T1,T2,T3,T4>::function5<boost::_bi::bind_t<R,F,L>>(Functor,int)' being compiled
                 with
                 [
                     R=int,
                     T0=const pcl::PointCloud<pcl::PointXYZ> &,
                     T1=size_t,
                     T2=double,
                     T3=std::vector<int> &,
                     T4=std::vector<float> &,
                     F=boost::_mfi::cmf5<int,pcl::search::Search<pcl::PointXYZ>,const pcl::PointCloud<pcl::PointXYZ> &,int,int,std::vector<int> &,std::vector<float> &>,
                     L=boost::_bi::list6<boost::reference_wrapper<boost::shared_ptr<pcl::search::Search<pcl::PointXYZ>>>,boost::arg<1>,boost::arg<2>,boost::arg<3>,boost::arg<4>,boost::arg<5>>,
                     Functor=boost::_bi::bind_t<int,boost::_mfi::cmf5<int,pcl::search::Search<pcl::PointXYZ>,const pcl::PointCloud<pcl::PointXYZ> &,int,int,std::vector<int> &,std::vector<float> &>,boost::_bi::list6<boost::reference_wrapper<boost::shared_ptr<pcl::search::Search<pcl::PointXYZ>>>,boost::arg<1>,boost::arg<2>,boost::arg<3>,boost::arg<4>,boost::arg<5>>>
                 ]
                 c:\program files (x86)\pcl 1.6.0\3rdparty\boost\include\boost\function\function_template.hpp(1083) : see reference to function template instantiation 'boost::function<Signature>::function<boost::_bi::bind_t<R,F,L>>(Functor,int)' being compiled
                 with
                 [
                     Signature=int (const pcl::PointCloud<pcl::PointXYZ> &,size_t,double,std::vector<int> &,std::vector<float> &),
                     R=int,
                     F=boost::_mfi::cmf5<int,pcl::search::Search<pcl::PointXYZ>,const pcl::PointCloud<pcl::PointXYZ> &,int,int,std::vector<int> &,std::vector<float> &>,
                     L=boost::_bi::list6<boost::reference_wrapper<boost::shared_ptr<pcl::search::Search<pcl::PointXYZ>>>,boost::arg<1>,boost::arg<2>,boost::arg<3>,boost::arg<4>,boost::arg<5>>,
                     Functor=boost::_bi::bind_t<int,boost::_mfi::cmf5<int,pcl::search::Search<pcl::PointXYZ>,const pcl::PointCloud<pcl::PointXYZ> &,int,int,std::vector<int> &,std::vector<float> &>,boost::_bi::list6<boost::reference_wrapper<boost::shared_ptr<pcl::search::Search<pcl::PointXYZ>>>,boost::arg<1>,boost::arg<2>,boost::arg<3>,boost::arg<4>,boost::arg<5>>>
                 ]
                 c:\program files (x86)\pcl 1.6.0\include\pcl-1.6\pcl\features\impl\feature.hpp(159) : see reference to function template instantiation 'boost::function<Signature> &boost::function<Signature>::operator =<boost::_bi::bind_t<R,F,L>>(Functor)' being compiled
                 with
                 [
                     Signature=int (const pcl::PointCloud<pcl::PointXYZ> &,size_t,double,std::vector<int> &,std::vector<float> &),
                     R=int,
                     F=boost::_mfi::cmf5<int,pcl::search::Search<pcl::PointXYZ>,const pcl::PointCloud<pcl::PointXYZ> &,int,int,std::vector<int> &,std::vector<float> &>,
                     L=boost::_bi::list6<boost::reference_wrapper<boost::shared_ptr<pcl::search::Search<pcl::PointXYZ>>>,boost::arg<1>,boost::arg<2>,boost::arg<3>,boost::arg<4>,boost::arg<5>>,
                     Functor=boost::_bi::bind_t<int,boost::_mfi::cmf5<int,pcl::search::Search<pcl::PointXYZ>,const pcl::PointCloud<pcl::PointXYZ> &,int,int,std::vector<int> &,std::vector<float> &>,boost::_bi::list6<boost::reference_wrapper<boost::shared_ptr<pcl::search::Search<pcl::PointXYZ>>>,boost::arg<1>,boost::arg<2>,boost::arg<3>,boost::arg<4>,boost::arg<5>>>
                 ]
                 c:\program files (x86)\pcl 1.6.0\include\pcl-1.6\pcl\features\impl\feature.hpp(93) : while compiling class template member function 'bool pcl::Feature<PointInT,PointOutT>::initCompute(void)'
                 with
                 [
                     PointInT=pcl::PointXYZ,
                     PointOutT=pcl::Normal
                 ]
                 c:\program files (x86)\pcl 1.6.0\include\pcl-1.6\pcl\features\normal_3d.h(194) : see reference to class template instantiation 'pcl::Feature<PointInT,PointOutT>' being compiled
                 with
                 [
                     PointInT=pcl::PointXYZ,
                     PointOutT=pcl::Normal
                 ]
                 c:\users\chuukyou\documents\visual studio 2010\projects\pclparticlefiltertracker\pclparticlefiltertracker\particlefilter.h(92) : see reference to class template instantiation 'pcl::NormalEstimation<PointInT,PointOutT>' being compiled
                 with
                 [
                     PointInT=pcl::PointXYZ,
                     PointOutT=pcl::Normal
                 ]
         Generating Code...
       Link:
         C:\Program Files (x86)\Microsoft Visual Studio 10.0\VC\bin\link.exe /ERRORREPORT:PROMPT /OUT:"C:\Users\ChuuKyou\Documents\Visual Studio 2010\Projects\PCLParticleFilterTracker\Debug\PCLParticleFilterTracker.exe" /INCREMENTAL:NO /NOLOGO opencv_calib3d2411d.lib opencv_contrib2411d.lib opencv_core2411d.lib opencv_features2d2411d.lib opencv_flann2411d.lib opencv_gpu2411d.lib opencv_highgui2411d.lib opencv_imgproc2411d.lib opencv_legacy2411d.lib opencv_ml2411d.lib opencv_nonfree2411d.lib opencv_objdetect2411d.lib opencv_ocl2411d.lib opencv_photo2411d.lib opencv_stitching2411d.lib opencv_superres2411d.lib opencv_ts2411d.lib opencv_video2411d.lib opencv_videostab2411d.lib pcl_apps_release.lib pcl_common_release.lib pcl_features_release.lib pcl_filters_release.lib pcl_io_ply_release.lib pcl_io_release.lib pcl_kdtree_release.lib pcl_keypoints_release.lib pcl_octree_release.lib pcl_registration_release.lib pcl_sample_consensus_release.lib pcl_search_release.lib pcl_segmentation_release.lib pcl_surface_release.lib pcl_tracking_release.lib pcl_visualization_release.lib flann.lib flann_s.lib flann_cpp_s.lib qhull6.lib qhullcpp.lib qhullstatic.lib qhullstatic_p.lib MapReduceMPI.lib mpistubs.lib vtkalglib.lib vtkCharts.lib vtkCommon.lib vtkDICOMParser.lib vtkexoIIc.lib vtkexpat.lib vtkFiltering.lib vtkfreetype.lib vtkftgl.lib vtkGenericFiltering.lib vtkGeovis.lib vtkGraphics.lib vtkHybrid.lib vtkImaging.lib vtkInfovis.lib vtkIO.lib vtkjpeg.lib vtklibxml2.lib vtkmetaio.lib vtkNetCDF.lib vtkNetCDF_cxx.lib vtkpng.lib vtkproj4.lib vtkRendering.lib vtksqlite.lib vtksys.lib vtktiff.lib vtkverdict.lib vtkViews.lib vtkVolumeRendering.lib vtkWidgets.lib vtkzlib.lib opengl32.lib Kinect10.lib kernel32.lib user32.lib gdi32.lib winspool.lib comdlg32.lib advapi32.lib shell32.lib ole32.lib oleaut32.lib uuid.lib odbc32.lib odbccp32.lib /MANIFEST /ManifestFile:"Debug\PCLParticleFilterTracker.exe.intermediate.manifest" /MANIFESTUAC:"level='asInvoker' uiAccess='false'" /DEBUG /PDB:"C:\Users\ChuuKyou\Documents\Visual Studio 2010\Projects\PCLParticleFilterTracker\Debug\PCLParticleFilterTracker.pdb" /SUBSYSTEM:CONSOLE /TLBID:1 /DYNAMICBASE /NXCOMPAT /IMPLIB:"C:\Users\ChuuKyou\Documents\Visual Studio 2010\Projects\PCLParticleFilterTracker\Debug\PCLParticleFilterTracker.lib" /MACHINE:X86 Debug\Traker.obj
         Debug\KinectGeneral.obj
         Debug\KinectSensor.obj
     1>Traker.obj : warning LNK4075: ignoring '/EDITANDCONTINUE' due to '/INCREMENTAL:NO' specification
         PCLParticleFilterTracker.vcxproj -> C:\Users\ChuuKyou\Documents\Visual Studio 2010\Projects\PCLParticleFilterTracker\Debug\PCLParticleFilterTracker.exe
       Manifest:
         C:\Program Files (x86)\Microsoft SDKs\Windows\v7.0A\bin\mt.exe /nologo /verbose /outputresource:"C:\Users\ChuuKyou\Documents\Visual Studio 2010\Projects\PCLParticleFilterTracker\Debug\PCLParticleFilterTracker.exe;#1" /manifest Debug\PCLParticleFilterTracker.exe.intermediate.manifest
       FinalizeBuildStatus:
         Deleting file "Debug\PCLParticleFilterTracker.unsuccessfulbuild".
         Touching "Debug\PCLParticleFilterTracker.lastbuildstate".
     1>Done Building Project "C:\Users\ChuuKyou\Documents\Visual Studio 2010\Projects\PCLParticleFilterTracker\PCLParticleFilterTracker\PCLParticleFilterTracker.vcxproj" (build target(s)).

Build succeeded.

Time Elapsed 00:00:21.58
